<?xml version="1.0" encoding="UTF-8"?>
<!-- Generated by org.testng.reporters.JUnitReportReporter -->
<testsuite hostname="DESKTOP-34NVAOJ" failures="0" tests="1" name="test.ValidatDisplayTest" time="8.804" errors="0" timestamp="13 Nov 2020 02:24:54 GMT" skipped="0">
  <testcase classname="test.ValidatDisplayTest" name="UserShouldBeAbleToDisplay" time="8.804"/>
</testsuite> <!-- test.ValidatDisplayTest -->
