<?xml version="1.0" encoding="UTF-8"?>
<!-- Generated by org.testng.reporters.JUnitReportReporter -->
<testsuite hostname="DESKTOP-34NVAOJ" failures="0" tests="1" name="test.ValidatDuplicatedNameTest" time="7.467" errors="0" timestamp="13 Nov 2020 02:31:58 GMT" skipped="0">
  <testcase classname="test.ValidatDuplicatedNameTest" name="UserShouldBeAbleToDisplayDuplicated" time="7.467"/>
</testsuite> <!-- test.ValidatDuplicatedNameTest -->
