<?xml version="1.0" encoding="UTF-8"?>
<!-- Generated by org.testng.reporters.JUnitReportReporter -->
<testsuite hostname="DESKTOP-34NVAOJ" failures="0" tests="1" name="test.ValidatDropDownTest" time="6.370" errors="0" timestamp="13 Nov 2020 02:55:23 GMT" skipped="0">
  <testcase classname="test.ValidatDropDownTest" name="UserShouldBeAbelToValidatDropDownField" time="6.370"/>
</testsuite> <!-- test.ValidatDropDownTest -->
